<?xml version="1.0" encoding="UTF-8"?>
<!-- Generated by org.testng.reporters.JUnitReportReporter -->
<testsuite hostname="HOME-PC" failures="0" tests="1" name="tests.SearchLettersTest" time="31.352" errors="0" timestamp="2021-10-27T00:06:24 MSK" skipped="0">
  <testcase classname="tests.SearchLettersTest" name="test" time="31.352"/>
  <system-out/>
</testsuite> <!-- tests.SearchLettersTest -->
